{"uuid":"580ea9aa-8ba2-4d66-9ec4-efeff641a87d","name":"Scenario Outline: user logins with credentials","children":["b5b7a068-6da5-487a-af44-51799f9d4d58"],"befores":[{"name":"Utilities.Hooks.setUp()","status":"broken","statusDetails":{"known":false,"muted":false,"flaky":false,"message":"BEFORE is failed: chromedriver located at src/main/java/chromedriver-win64/chromedriver.exe, but invalid\nFor documentation on this error, please visit: https://www.selenium.dev/documentation/webdriver/troubleshooting/errors/driver_location/\nBuild info: version: '4.14.1', revision: '03f8ede370'\nSystem info: os.name: 'Windows 10', os.arch: 'amd64', os.version: '10.0', java.version: '20.0.2'\nDriver info: driver.version: ChromeDriver","trace":"org.openqa.selenium.remote.NoSuchDriverException: chromedriver located at src/main/java/chromedriver-win64/chromedriver.exe, but invalid\nFor documentation on this error, please visit: https://www.selenium.dev/documentation/webdriver/troubleshooting/errors/driver_location/\nBuild info: version: '4.14.1', revision: '03f8ede370'\nSystem info: os.name: 'Windows 10', os.arch: 'amd64', os.version: '10.0', java.version: '20.0.2'\nDriver info: driver.version: ChromeDriver\r\n\tat org.openqa.selenium.remote.service.DriverFinder.getPath(DriverFinder.java:45)\r\n\tat org.openqa.selenium.remote.service.DriverFinder.getPath(DriverFinder.java:13)\r\n\tat org.openqa.selenium.chrome.ChromeDriver.generateExecutor(ChromeDriver.java:99)\r\n\tat org.openqa.selenium.chrome.ChromeDriver.<init>(ChromeDriver.java:88)\r\n\tat org.openqa.selenium.chrome.ChromeDriver.<init>(ChromeDriver.java:83)\r\n\tat org.openqa.selenium.chrome.ChromeDriver.<init>(ChromeDriver.java:51)\r\n\tat Utilities.configBrowser.<init>(configBrowser.java:44)\r\n\tat Utilities.Hooks.setUp(Hooks.java:15)\r\n"},"stage":"finished","steps":[],"attachments":[],"parameters":[],"start":1704017449012,"stop":1704017449017}],"afters":[{"name":"Utilities.Hooks.tearDown()","status":"broken","statusDetails":{"known":false,"muted":false,"flaky":false,"message":"AFTER is failed: Cannot invoke \"Utilities.configBrowser.quit()\" because \"Utilities.Hooks.driver\" is null","trace":"java.lang.NullPointerException: Cannot invoke \"Utilities.configBrowser.quit()\" because \"Utilities.Hooks.driver\" is null\r\n\tat Utilities.Hooks.tearDown(Hooks.java:20)\r\n"},"stage":"finished","steps":[],"attachments":[],"parameters":[],"start":1704017449023,"stop":1704017449025}],"start":1704017449012,"stop":1704017449029}