{"uuid":"5ec5a0f9-6a90-4024-9299-0d9e931c8065","name":"Scenario: Filtering product with prices high to low","children":["80d2262b-8b80-4c12-a12e-14bf5ae94241"],"befores":[{"name":"Utilities.Hooks.setUp()","status":"broken","statusDetails":{"known":false,"muted":false,"flaky":false,"message":"BEFORE is failed: chromedriver located at src/main/java/chromedriver-win64/chromedriver.exe, but invalid\nFor documentation on this error, please visit: https://www.selenium.dev/documentation/webdriver/troubleshooting/errors/driver_location/\nBuild info: version: '4.14.1', revision: '03f8ede370'\nSystem info: os.name: 'Windows 10', os.arch: 'amd64', os.version: '10.0', java.version: '20.0.2'\nDriver info: driver.version: ChromeDriver","trace":"org.openqa.selenium.remote.NoSuchDriverException: chromedriver located at src/main/java/chromedriver-win64/chromedriver.exe, but invalid\nFor documentation on this error, please visit: https://www.selenium.dev/documentation/webdriver/troubleshooting/errors/driver_location/\nBuild info: version: '4.14.1', revision: '03f8ede370'\nSystem info: os.name: 'Windows 10', os.arch: 'amd64', os.version: '10.0', java.version: '20.0.2'\nDriver info: driver.version: ChromeDriver\r\n\tat org.openqa.selenium.remote.service.DriverFinder.getPath(DriverFinder.java:45)\r\n\tat org.openqa.selenium.remote.service.DriverFinder.getPath(DriverFinder.java:13)\r\n\tat org.openqa.selenium.chrome.ChromeDriver.generateExecutor(ChromeDriver.java:99)\r\n\tat org.openqa.selenium.chrome.ChromeDriver.<init>(ChromeDriver.java:88)\r\n\tat org.openqa.selenium.chrome.ChromeDriver.<init>(ChromeDriver.java:83)\r\n\tat org.openqa.selenium.chrome.ChromeDriver.<init>(ChromeDriver.java:51)\r\n\tat Utilities.configBrowser.<init>(configBrowser.java:44)\r\n\tat Utilities.Hooks.setUp(Hooks.java:15)\r\n"},"stage":"finished","steps":[],"attachments":[],"parameters":[],"start":1704017089878,"stop":1704017089989}],"afters":[{"name":"Utilities.Hooks.tearDown()","status":"broken","statusDetails":{"known":false,"muted":false,"flaky":false,"message":"AFTER is failed: Cannot invoke \"Utilities.configBrowser.quit()\" because \"Utilities.Hooks.driver\" is null","trace":"java.lang.NullPointerException: Cannot invoke \"Utilities.configBrowser.quit()\" because \"Utilities.Hooks.driver\" is null\r\n\tat Utilities.Hooks.tearDown(Hooks.java:20)\r\n"},"stage":"finished","steps":[],"attachments":[],"parameters":[],"start":1704017090008,"stop":1704017090011}],"start":1704017089873,"stop":1704017090031}